<?xml version="1.0" encoding="UTF-8"?>
<!-- Generated by org.testng.reporters.JUnitReportReporter -->
<testsuite hostname="LAPTOP-274IQSMN" failures="0" tests="1" name="scrapping.MissionHuman" time="973.115" errors="0" timestamp="2022-02-23T19:38:05 EST" skipped="0">
  <testcase classname="scrapping.MissionHuman" name="MissionHumanScrapping" time="973.115"/>
  <system-out/>
</testsuite> <!-- scrapping.MissionHuman -->
